<?xml version="1.0" encoding="UTF-8"?>
<!-- Generated by org.testng.reporters.JUnitReportReporter -->
<testsuite skipped="0" hostname="NOLAPF2LGFWS043" name="com.qa.ecomm.test.LoginTest" tests="1" failures="0" timestamp="2020-06-10T13:51:01 IST" time="12.855" errors="0">
  <testcase name="login" time="12.855" classname="com.qa.ecomm.test.LoginTest"/>
</testsuite> <!-- com.qa.ecomm.test.LoginTest -->
