<?xml version="1.0" encoding="UTF-8"?>
<!-- Generated by org.testng.reporters.JUnitReportReporter -->
<testsuite skipped="0" hostname="NOLAPF2LGFWS043" name="com.qa.ecomm.test.LoginTest" tests="1" failures="0" timestamp="2020-05-28T23:27:15 IST" time="12.889" errors="0">
  <testcase name="login" time="12.889" classname="com.qa.ecomm.test.LoginTest"/>
</testsuite> <!-- com.qa.ecomm.test.LoginTest -->
